<?xml version="1.0" encoding="UTF-8"?>
<!-- Generated by org.testng.reporters.JUnitReportReporter -->
<testsuite hostname="Lav-Gupta.local" failures="0" tests="1" name="com.crm.qa.testcases.ToggleEffectVerification" time="12.238" errors="0" timestamp="19 Jun 2020 10:42:57 GMT" skipped="0">
  <testcase classname="com.crm.qa.testcases.ToggleEffectVerification" name="verifyHomePageTitleTest" time="12.238"/>
</testsuite> <!-- com.crm.qa.testcases.ToggleEffectVerification -->
