<?xml version="1.0" encoding="UTF-8"?>
<!-- Generated by org.testng.reporters.JUnitReportReporter -->
<testsuite hostname="Lav-Gupta.domain.name" failures="0" tests="1" name="com.crm.qa.testcases.Section3" time="0.008" errors="0" timestamp="27 Jul 2020 14:56:12 GMT" skipped="0">
  <testcase classname="com.crm.qa.testcases.Section3" name="main" time="0.008"/>
</testsuite> <!-- com.crm.qa.testcases.Section3 -->
