<?xml version="1.0" encoding="UTF-8"?>
<!-- Generated by org.testng.reporters.JUnitReportReporter -->
<testsuite hostname="Lav-Gupta.local" failures="0" tests="1" name="com.crm.qa.testcases.LoginPageTest" time="6.277" errors="0" timestamp="18 Jun 2020 11:55:21 GMT" skipped="0">
  <testcase classname="com.crm.qa.testcases.LoginPageTest" name="loginPageTitleTest" time="6.277"/>
</testsuite> <!-- com.crm.qa.testcases.LoginPageTest -->
