<?xml version="1.0" encoding="UTF-8"?>
<!-- Generated by org.testng.reporters.JUnitReportReporter -->
<testsuite hostname="Lav-Gupta.domain.name" failures="0" tests="1" name="com.crm.qa.testcases.QuantinstiVerification" time="125.676" errors="0" timestamp="27 Jul 2020 14:42:05 GMT" skipped="0">
  <testcase classname="com.crm.qa.testcases.QuantinstiVerification" name="verifyQuantinstiVerificationTestScenarios" time="125.676"/>
</testsuite> <!-- com.crm.qa.testcases.QuantinstiVerification -->
